app/build/intermediates/manifest_merge_blame_file/debug/manifest-merger-blame-debug-report.txt
1<?xml version="1.0" encoding="utf-8"?>
2<manifest xmlns:android="http://schemas.android.com/apk/res/android"
3    package="com.example.roomkt"
4    android:versionCode="1"
5    android:versionName="1.0" >
6
7    <uses-sdk
8        android:minSdkVersion="21"
8-->src/main/AndroidManifest.xml
9        android:targetSdkVersion="34" />
9-->src/main/AndroidManifest.xml
10
11    <uses-permission android:name="android.permission.INTERNET" />
11-->src/main/AndroidManifest.xml:5:5-67
11-->src/main/AndroidManifest.xml:5:22-64
12
13    <application
13-->src/main/AndroidManifest.xml:7:5-29:19
14        android:allowBackup="true"
14-->src/main/AndroidManifest.xml:8:9-35
15        android:appComponentFactory="androidx.core.app.CoreComponentFactory"
15-->[androidx.core:core:1.7.0] AndroidManifest.xml:24:18-86
16        android:debuggable="true"
17        android:icon="@mipmap/ic_launcher"
17-->src/main/AndroidManifest.xml:9:9-43
18        android:label="@string/app_name"
18-->src/main/AndroidManifest.xml:10:9-41
19        android:roundIcon="@mipmap/ic_launcher_round"
19-->src/main/AndroidManifest.xml:11:9-54
20        android:supportsRtl="true"
20-->src/main/AndroidManifest.xml:12:9-35
21        android:testOnly="true"
22        android:theme="@style/Theme.Roomkt" >
22-->src/main/AndroidManifest.xml:13:9-44
23        <activity
23-->src/main/AndroidManifest.xml:14:9-16:40
24            android:name="com.example.roomkt.MainActivity2"
24-->src/main/AndroidManifest.xml:15:13-42
25            android:exported="false" />
25-->src/main/AndroidManifest.xml:16:13-37
26        <activity
26-->src/main/AndroidManifest.xml:17:9-19:40
27            android:name="com.example.roomkt.API_Calling"
27-->src/main/AndroidManifest.xml:18:13-40
28            android:exported="false" />
28-->src/main/AndroidManifest.xml:19:13-37
29        <activity
29-->src/main/AndroidManifest.xml:20:9-28:20
30            android:name="com.example.roomkt.MainActivity"
30-->src/main/AndroidManifest.xml:21:13-41
31            android:exported="true" >
31-->src/main/AndroidManifest.xml:22:13-36
32            <intent-filter>
32-->src/main/AndroidManifest.xml:23:13-27:29
33                <action android:name="android.intent.action.MAIN" />
33-->src/main/AndroidManifest.xml:24:17-69
33-->src/main/AndroidManifest.xml:24:25-66
34
35                <category android:name="android.intent.category.LAUNCHER" />
35-->src/main/AndroidManifest.xml:26:17-77
35-->src/main/AndroidManifest.xml:26:27-74
36            </intent-filter>
37        </activity>
38
39        <provider
39-->[androidx.emoji2:emoji2:1.0.0] AndroidManifest.xml:26:9-34:20
40            android:name="androidx.startup.InitializationProvider"
40-->[androidx.emoji2:emoji2:1.0.0] AndroidManifest.xml:27:13-67
41            android:authorities="com.example.roomkt.androidx-startup"
41-->[androidx.emoji2:emoji2:1.0.0] AndroidManifest.xml:28:13-68
42            android:exported="false" >
42-->[androidx.emoji2:emoji2:1.0.0] AndroidManifest.xml:29:13-37
43            <meta-data
43-->[androidx.emoji2:emoji2:1.0.0] AndroidManifest.xml:31:13-33:52
44                android:name="androidx.emoji2.text.EmojiCompatInitializer"
44-->[androidx.emoji2:emoji2:1.0.0] AndroidManifest.xml:32:17-75
45                android:value="androidx.startup" />
45-->[androidx.emoji2:emoji2:1.0.0] AndroidManifest.xml:33:17-49
46            <meta-data
46-->[androidx.lifecycle:lifecycle-process:2.4.0] AndroidManifest.xml:31:13-33:52
47                android:name="androidx.lifecycle.ProcessLifecycleInitializer"
47-->[androidx.lifecycle:lifecycle-process:2.4.0] AndroidManifest.xml:32:17-78
48                android:value="androidx.startup" />
48-->[androidx.lifecycle:lifecycle-process:2.4.0] AndroidManifest.xml:33:17-49
49        </provider>
50
51        <service
51-->[androidx.room:room-runtime:2.4.0-alpha03] AndroidManifest.xml:25:9-28:40
52            android:name="androidx.room.MultiInstanceInvalidationService"
52-->[androidx.room:room-runtime:2.4.0-alpha03] AndroidManifest.xml:26:13-74
53            android:directBootAware="true"
53-->[androidx.room:room-runtime:2.4.0-alpha03] AndroidManifest.xml:27:13-43
54            android:exported="false" />
54-->[androidx.room:room-runtime:2.4.0-alpha03] AndroidManifest.xml:28:13-37
55    </application>
56
57</manifest>